<?xml version="1.0" encoding="UTF-8"?>
<testsuite xmlns:xsi="http://www.w3.org/2001/XMLSchema-instance" xsi:noNamespaceSchemaLocation="https://maven.apache.org/surefire/maven-surefire-plugin/xsd/surefire-test-report-3.0.xsd" version="3.0" name="ie.atu.PassengerTest" time="0.085" tests="11" errors="0" skipped="0" failures="0">
  <properties>
[...]
</properties>
  <testcase name="TestID" classname="ie.atu.PassengerTest" time="0.046"/>
  <testcase name="testFailAge" classname="ie.atu.PassengerTest" time="0.004"/>
  <testcase name="testTitle" classname="ie.atu.PassengerTest" time="0.001"/>
  <testcase name="TestName" classname="ie.atu.PassengerTest" time="0.001"/>
  <testcase name="testFailPhone" classname="ie.atu.PassengerTest" time="0.001"/>
  <testcase name="testFailTitle" classname="ie.atu.PassengerTest" time="0.001"/>
  <testcase name="TestAge" classname="ie.atu.PassengerTest" time="0"/>
  <testcase name="TestPhone" classname="ie.atu.PassengerTest" time="0"/>
  <testcase name="testFailID" classname="ie.atu.PassengerTest" time="0.001"/>
  <testcase name="testFailName" classname="ie.atu.PassengerTest" time="0.002"/>
  <testcase name="testObject" classname="ie.atu.PassengerTest" time="0.001"/>
</testsuite>